Build started 06-08-2014 14:35:38.
     1>Project "C:\Users\Pombo\Desktop\jra1\WarpingLCS\WarpingLCS\WarpingLCS.vcxproj" on node 2 (Build target(s)).
     1>ClCompile:
         C:\Program Files (x86)\Microsoft Visual Studio 12.0\VC\bin\CL.exe /c /ZI /nologo /W3 /WX- /sdl /Od /Oy- /D WIN32 /D _DEBUG /D _CONSOLE /D _LIB /D _UNICODE /D UNICODE /Gm /EHsc /RTC1 /MDd /GS /fp:precise /Zc:wchar_t /Zc:forScope /Yu"stdafx.h" /Fp"Debug\WarpingLCS.pch" /Fo"Debug\\" /Fd"Debug\vc120.pdb" /Gd /TP /analyze- /errorReport:prompt WarpingLCS.cpp main.cpp
         main.cpp
     1>c:\users\pombo\desktop\jra1\warpinglcs\warpinglcs\main.cpp(21): warning C4018: '<' : signed/unsigned mismatch
         Generating Code...
         Compiling...
         WarpingLCS.cpp
     1>c:\users\pombo\desktop\jra1\warpinglcs\warpinglcs\warpinglcs.cpp(17): warning C4018: '<' : signed/unsigned mismatch
     1>c:\users\pombo\desktop\jra1\warpinglcs\warpinglcs\warpinglcs.cpp(24): warning C4018: '<' : signed/unsigned mismatch
         Generating Code...
       Link:
         C:\Program Files (x86)\Microsoft Visual Studio 12.0\VC\bin\link.exe /ERRORREPORT:PROMPT /OUT:"C:\Users\Pombo\Desktop\jra1\WarpingLCS\Debug\WarpingLCS.exe" /INCREMENTAL /NOLOGO kernel32.lib user32.lib gdi32.lib winspool.lib comdlg32.lib advapi32.lib shell32.lib ole32.lib oleaut32.lib uuid.lib odbc32.lib odbccp32.lib /MANIFEST /MANIFESTUAC:"level='asInvoker' uiAccess='false'" /manifest:embed /DEBUG /PDB:"C:\Users\Pombo\Desktop\jra1\WarpingLCS\Debug\WarpingLCS.pdb" /SUBSYSTEM:CONSOLE /TLBID:1 /DYNAMICBASE /NXCOMPAT /IMPLIB:"C:\Users\Pombo\Desktop\jra1\WarpingLCS\Debug\WarpingLCS.lib" /MACHINE:X86 Debug\main.obj
         Debug\Matrix.obj
         Debug\MatrixInt.obj
         Debug\stdafx.obj
         Debug\WarpingLCS.obj
         WarpingLCS.vcxproj -> C:\Users\Pombo\Desktop\jra1\WarpingLCS\Debug\WarpingLCS.exe
     1>Done Building Project "C:\Users\Pombo\Desktop\jra1\WarpingLCS\WarpingLCS\WarpingLCS.vcxproj" (Build target(s)).

Build succeeded.

Time Elapsed 00:00:04.22
